0 info it worked if it ends with ok
1 verbose cli [ '/usr/local/bin/iojs',
1 verbose cli   '/home/adrien/.npm/bin/npm',
1 verbose cli   'version',
1 verbose cli   'minor' ]
2 info using npm@3.3.5
3 info using node@v4.1.1
4 info git [ 'status', '--porcelain' ]
5 verbose stack Error: Git working directory not clean.
5 verbose stack M build/babelRelayPlugin.js
5 verbose stack M package.json
5 verbose stack M scripts/updateSchema.js
5 verbose stack D src/client.js
5 verbose stack D src/config.js
5 verbose stack D src/server.js
5 verbose stack M src/server/middleware/express.js
5 verbose stack M src/server/schema/schema.js
5 verbose stack M src/server/schema/types.js
5 verbose stack     at /home/adrien/.npm/lib/node_modules/npm/lib/version.js:172:21
5 verbose stack     at ChildProcess.exithandler (child_process.js:194:7)
5 verbose stack     at emitTwo (events.js:87:13)
5 verbose stack     at ChildProcess.emit (events.js:172:7)
5 verbose stack     at maybeClose (internal/child_process.js:817:16)
5 verbose stack     at Socket.<anonymous> (internal/child_process.js:319:11)
5 verbose stack     at emitOne (events.js:77:13)
5 verbose stack     at Socket.emit (events.js:169:7)
5 verbose stack     at Pipe._onclose (net.js:469:12)
6 verbose cwd /home/adrien/Projects/bloql
7 error Linux 3.16.0-50-generic
8 error argv "/usr/local/bin/iojs" "/home/adrien/.npm/bin/npm" "version" "minor"
9 error node v4.1.1
10 error npm  v3.3.5
11 error Git working directory not clean.
11 error M build/babelRelayPlugin.js
11 error M package.json
11 error M scripts/updateSchema.js
11 error D src/client.js
11 error D src/config.js
11 error D src/server.js
11 error M src/server/middleware/express.js
11 error M src/server/schema/schema.js
11 error M src/server/schema/types.js
12 error If you need help, you may report this error at:
12 error     <https://github.com/npm/npm/issues>
13 verbose exit [ 1, true ]
